<?xml version="1.0" encoding="UTF-8"?>
<testng-results ignored="0" total="1" passed="1" failed="0" skipped="0">
  <reporter-output>
  </reporter-output>
  <suite started-at="2023-12-11T21:58:11 IST" name="Default suite" finished-at="2023-12-11T21:58:11 IST" duration-ms="56">
    <groups>
    </groups>
    <test started-at="2023-12-11T21:58:11 IST" name="Default test" finished-at="2023-12-11T21:58:11 IST" duration-ms="56">
      <class name="PS1">
        <test-method is-config="true" signature="beforeRun()[pri:0, instance:PS1@5d534f5d]" started-at="2023-12-11T21:58:11 IST" name="beforeRun" finished-at="2023-12-11T21:58:11 IST" duration-ms="9" status="PASS">
          <reporter-output>
          </reporter-output>
        </test-method> <!-- beforeRun -->
        <test-method signature="testRun()[pri:0, instance:PS1@5d534f5d]" started-at="2023-12-11T21:58:11 IST" name="testRun" finished-at="2023-12-11T21:58:11 IST" duration-ms="6" status="PASS">
          <reporter-output>
          </reporter-output>
        </test-method> <!-- testRun -->
      </class> <!-- PS1 -->
    </test> <!-- Default test -->
  </suite> <!-- Default suite -->
</testng-results>
